

Microchip MPLAB XC8 Assembler V2.36 build 20220127204148 
                                                                                               Sat May 21 18:01:02 2022

Microchip MPLAB XC8 C Compiler v2.36 (Free license) build 20220127204148 Og1 
     1                           	processor	18F4550
     2                           	fnconf	rparam,??,?,0
     3                           	pagewidth 120
     4                           	opt	flic
     5                           	psect	cinit,global,reloc=2,class=CODE,delta=1
     6                           	psect	bssCOMRAM,global,class=COMRAM,space=1,delta=1,lowdata,noexec
     7                           	psect	cstackCOMRAM,global,class=COMRAM,space=1,delta=1,lowdata,noexec
     8                           	psect	text0,global,reloc=2,class=CODE,delta=1
     9                           	psect	text1,global,reloc=2,class=CODE,delta=1
    10                           	psect	text2,global,reloc=2,class=CODE,delta=1
    11                           	psect	text3,global,reloc=2,class=CODE,delta=1
    12                           	psect	text4,global,reloc=2,class=CODE,delta=1
    13                           	psect	text5,global,reloc=2,class=CODE,delta=1
    14                           	psect	intcode,global,reloc=2,class=CODE,delta=1
    15                           	psect	intcode_body,global,reloc=2,class=CODE,delta=1
    16                           	psect	text7,global,reloc=2,class=CODE,delta=1
    17                           	psect	text8,global,reloc=2,class=CODE,delta=1
    18                           	psect	text9,global,reloc=2,class=CODE,delta=1
    19                           	psect	intsave_regs,global,class=BIGRAM,space=1,delta=1,noexec
    20                           	psect	rparam,global,class=COMRAM,space=1,delta=1,noexec
    21                           	psect	temp,global,ovrld,common,class=COMRAM,space=1,delta=1
    22                           	psect	idloc,global,abs,ovrld,class=IDLOC,space=5,delta=1,noexec
    23                           	psect	config,global,abs,ovrld,class=CONFIG,space=4,delta=1,noexec
    24  0000                     
    25                           ; Version 2.40
    26                           ; Generated 17/11/2021 GMT
    27                           ; 
    28                           ; Copyright © 2021, Microchip Technology Inc. and its subsidiaries ("Microchip")
    29                           ; All rights reserved.
    30                           ; 
    31                           ; This software is developed by Microchip Technology Inc. and its subsidiaries ("Microch
      +                          ip").
    32                           ; 
    33                           ; Redistribution and use in source and binary forms, with or without modification, are
    34                           ; permitted provided that the following conditions are met:
    35                           ; 
    36                           ;     1. Redistributions of source code must retain the above copyright notice, this lis
      +                          t of
    37                           ;        conditions and the following disclaimer.
    38                           ; 
    39                           ;     2. Redistributions in binary form must reproduce the above copyright notice, this 
      +                          list
    40                           ;        of conditions and the following disclaimer in the documentation and/or other
    41                           ;        materials provided with the distribution. Publication is not required when
    42                           ;        this file is used in an embedded application.
    43                           ; 
    44                           ;     3. Microchip's name may not be used to endorse or promote products derived from th
      +                          is
    45                           ;        software without specific prior written permission.
    46                           ; 
    47                           ; THIS SOFTWARE IS PROVIDED BY MICROCHIP "AS IS" AND ANY EXPRESS OR IMPLIED WARRANTIES,
    48                           ; INCLUDING, BUT NOT LIMITED TO, THE IMPLIED WARRANTIES OF MERCHANTABILITY AND FITNESS F
      +                          OR
    49                           ; PURPOSE ARE DISCLAIMED.  IN NO EVENT SHALL MICROCHIP BE LIABLE FOR ANY DIRECT, INDIREC
      +                          T,
    50                           ; INCIDENTAL, SPECIAL, EXEMPLARY, OR CONSEQUENTIAL DAMAGES (INCLUDING BUT NOT LIMITED TO
    51                           ; PROCUREMENT OF SUBSTITUTE GOODS OR SERVICES; LOSS OF USE, DATA OR PROFITS; OR BUSINESS
    52                           ; INTERRUPTION) HOWSOEVER CAUSED AND ON ANY THEORY OF LIABILITY, WHETHER IN CONTRACT, ST
      +                          RICT
    53                           ; LIABILITY, OR TORT (INCLUDING NEGLIGENCE OR OTHERWISE) ARISING IN ANY WAY OUT OF THE U
      +                          SE OF
    54                           ; THIS SOFTWARE, EVEN IF ADVISED OF THE POSSIBILITY OF SUCH DAMAGE.
    55                           ; 
    56                           ; 
    57                           ; Code-generator required, PIC18F4550 Definitions
    58                           ; 
    59                           ; SFR Addresses
    60  0000                     _ADRESL	set	4035
    61  0000                     _ADRESH	set	4036
    62  0000                     _ADCON0	set	4034
    63  0000                     _RCREG	set	4014
    64  0000                     _TXREG	set	4013
    65  0000                     _SPBRG	set	4015
    66  0000                     _BAUDCONbits	set	4024
    67  0000                     _TRISCbits	set	3988
    68  0000                     _TRISD	set	3989
    69  0000                     _TRISB	set	3987
    70  0000                     _CCP2CONbits	set	4026
    71  0000                     _CCP1CONbits	set	4029
    72  0000                     _ADCON0bits	set	4034
    73  0000                     _TRISDbits	set	3989
    74  0000                     _TRISBbits	set	3987
    75  0000                     _TRISA	set	3986
    76  0000                     _UCONbits	set	3949
    77  0000                     _OSCCON	set	4051
    78  0000                     _TMR0L	set	4054
    79  0000                     _INTCONbits	set	4082
    80  0000                     _T0CONbits	set	4053
    81  0000                     _UCFGbits	set	3951
    82  0000                     _PORTCbits	set	3970
    83  0000                     _LATA	set	3977
    84  0000                     _LATB	set	3978
    85  0000                     _TRISAbits	set	3986
    86  0000                     _LATEbits	set	3981
    87  0000                     _PIR1bits	set	3998
    88  0000                     _RCSTAbits	set	4011
    89  0000                     _TXSTAbits	set	4012
    90  0000                     _TRISEbits	set	3990
    91  0000                     _RCONbits	set	4048
    92  0000                     _CCP2CON	set	4026
    93  0000                     _CCP1CON	set	4029
    94  0000                     _ADCON2	set	4032
    95  0000                     _ADCON1	set	4033
    96  0000                     _T2CONbits	set	4042
    97  0000                     _PR2	set	4043
    98  0000                     _CCPR1L	set	4030
    99  0000                     _CCPR2L	set	4027
   100                           
   101                           ; #config settings
   102                           
   103                           	psect	cinit
   104  000284                     __pcinit:
   105                           	callstack 0
   106  000284                     start_initialization:
   107                           	callstack 0
   108  000284                     __initialization:
   109                           	callstack 0
   110                           
   111                           ; Clear objects allocated to COMRAM (15 bytes)
   112  000284  EE00  F001         	lfsr	0,__pbssCOMRAM
   113  000288  0E0F               	movlw	15
   114  00028A                     clear_0:
   115  00028A  6AEE               	clrf	postinc0,c
   116  00028C  06E8               	decf	wreg,f,c
   117  00028E  E1FD               	bnz	clear_0
   118  000290                     end_of_initialization:
   119                           	callstack 0
   120  000290                     __end_of__initialization:
   121                           	callstack 0
   122  000290  9010               	bcf	int$flags,0,c	;clear compiler interrupt flag (level 1)
   123  000292  9210               	bcf	int$flags,1,c	;clear compiler interrupt flag (level 2)
   124  000294  0100               	movlb	0
   125  000296  EF58  F001         	goto	_main	;jump to C main() function
   126                           
   127                           	psect	bssCOMRAM
   128  000001                     __pbssCOMRAM:
   129                           	callstack 0
   130  000001                     _buttonBpressedcounter2:
   131                           	callstack 0
   132  000001                     	ds	2
   133  000003                     _buttonBpressedcounter:
   134                           	callstack 0
   135  000003                     	ds	2
   136  000005                     _buttonApressedcounter2:
   137                           	callstack 0
   138  000005                     	ds	2
   139  000007                     _buttonApressedcounter:
   140                           	callstack 0
   141  000007                     	ds	2
   142  000009                     _thousands:
   143                           	callstack 0
   144  000009                     	ds	1
   145  00000A                     _hundreds:
   146                           	callstack 0
   147  00000A                     	ds	1
   148  00000B                     _tens:
   149                           	callstack 0
   150  00000B                     	ds	1
   151  00000C                     _units:
   152                           	callstack 0
   153  00000C                     	ds	1
   154  00000D                     _digitcounter:
   155                           	callstack 0
   156  00000D                     	ds	1
   157  00000E                     _buttonBflag:
   158                           	callstack 0
   159  00000E                     	ds	1
   160  00000F                     _buttonAflag:
   161                           	callstack 0
   162  00000F                     	ds	1
   163                           
   164                           	psect	cstackCOMRAM
   165  000000                     __pcstackCOMRAM:
   166                           	callstack 0
   167  000000                     
   168                           ; 1 bytes @ 0x0
   169 ;;
   170 ;;Main: autosize = 0, tempsize = 0, incstack = 0, save=0
   171 ;;
   172 ;; *************** function _main *****************
   173 ;; Defined at:
   174 ;;		line 10 in file "ordinariomain.c"
   175 ;; Parameters:    Size  Location     Type
   176 ;;		None
   177 ;; Auto vars:     Size  Location     Type
   178 ;;		None
   179 ;; Return value:  Size  Location     Type
   180 ;;                  1    wreg      void 
   181 ;; Registers used:
   182 ;;		wreg, status,2, status,0, cstack
   183 ;; Tracked objects:
   184 ;;		On entry : 0/0
   185 ;;		On exit  : 0/0
   186 ;;		Unchanged: 0/0
   187 ;; Data sizes:     COMRAM   BANK0   BANK1   BANK2   BANK3   BANK4   BANK5   BANK6   BANK7
   188 ;;      Params:         0       0       0       0       0       0       0       0       0
   189 ;;      Locals:         0       0       0       0       0       0       0       0       0
   190 ;;      Temps:          0       0       0       0       0       0       0       0       0
   191 ;;      Totals:         0       0       0       0       0       0       0       0       0
   192 ;;Total ram usage:        0 bytes
   193 ;; Hardware stack levels required when called: 4
   194 ;; This function calls:
   195 ;;		_serialinit
   196 ;;		_system_inicializacion
   197 ;; This function is called by:
   198 ;;		Startup code after reset
   199 ;; This function uses a non-reentrant model
   200 ;;
   201                           
   202                           	psect	text0
   203  0002B0                     __ptext0:
   204                           	callstack 0
   205  0002B0                     _main:
   206                           	callstack 27
   207  0002B0                     
   208                           ;ordinariomain.c: 11:     system_inicializacion();
   209  0002B0  ECE1  F000         	call	_system_inicializacion	;wreg free
   210  0002B4                     
   211                           ;ordinariomain.c: 12:     serialinit();
   212  0002B4  ECFB  F000         	call	_serialinit	;wreg free
   213  0002B8                     
   214                           ;ordinariomain.c: 14:     TRISEbits.TRISE0 = 0;
   215  0002B8  9096               	bcf	150,0,c	;volatile
   216  0002BA                     
   217                           ;ordinariomain.c: 15:     LATEbits.LATE0 = 0;
   218  0002BA  908D               	bcf	141,0,c	;volatile
   219  0002BC                     l262:
   220  0002BC  EF5E  F001         	goto	l262
   221  0002C0  EF07  F000         	goto	start
   222  0002C4                     __end_of_main:
   223                           	callstack 0
   224                           
   225 ;; *************** function _system_inicializacion *****************
   226 ;; Defined at:
   227 ;;		line 29 in file "lib4550.c"
   228 ;; Parameters:    Size  Location     Type
   229 ;;		None
   230 ;; Auto vars:     Size  Location     Type
   231 ;;		None
   232 ;; Return value:  Size  Location     Type
   233 ;;                  1    wreg      void 
   234 ;; Registers used:
   235 ;;		wreg, status,2, status,0, cstack
   236 ;; Tracked objects:
   237 ;;		On entry : 0/0
   238 ;;		On exit  : 0/0
   239 ;;		Unchanged: 0/0
   240 ;; Data sizes:     COMRAM   BANK0   BANK1   BANK2   BANK3   BANK4   BANK5   BANK6   BANK7
   241 ;;      Params:         0       0       0       0       0       0       0       0       0
   242 ;;      Locals:         0       0       0       0       0       0       0       0       0
   243 ;;      Temps:          0       0       0       0       0       0       0       0       0
   244 ;;      Totals:         0       0       0       0       0       0       0       0       0
   245 ;;Total ram usage:        0 bytes
   246 ;; Hardware stack levels used: 1
   247 ;; Hardware stack levels required when called: 3
   248 ;; This function calls:
   249 ;;		_ADCinit
   250 ;;		_PWMinit
   251 ;;		_tmr0init
   252 ;; This function is called by:
   253 ;;		_main
   254 ;; This function uses a non-reentrant model
   255 ;;
   256                           
   257                           	psect	text1
   258  0001C2                     __ptext1:
   259                           	callstack 0
   260  0001C2                     _system_inicializacion:
   261                           	callstack 27
   262  0001C2                     
   263                           ;lib4550.c: 30:     OSCCON &= 0b10001111;
   264  0001C2  0E8F               	movlw	143
   265  0001C4  16D3               	andwf	211,f,c	;volatile
   266                           
   267                           ;lib4550.c: 31:     OSCCON |= 0b01100000;
   268  0001C6  0E60               	movlw	96
   269  0001C8  12D3               	iorwf	211,f,c	;volatile
   270  0001CA                     
   271                           ;lib4550.c: 33:     UCONbits.USBEN = 0;
   272  0001CA  966D               	bcf	109,3,c	;volatile
   273  0001CC                     
   274                           ;lib4550.c: 35:     UCFGbits.UTRDIS = 1;
   275  0001CC  866F               	bsf	111,3,c	;volatile
   276  0001CE                     
   277                           ;lib4550.c: 37:     tmr0init();
   278  0001CE  EC25  F001         	call	_tmr0init	;wreg free
   279  0001D2                     
   280                           ;lib4550.c: 38:     ADCinit();
   281  0001D2  EC4D  F001         	call	_ADCinit	;wreg free
   282  0001D6                     
   283                           ;lib4550.c: 39:     PWMinit();
   284  0001D6  EC11  F001         	call	_PWMinit	;wreg free
   285  0001DA                     
   286                           ;lib4550.c: 41:     TRISAbits.TRISA4 = 0;
   287  0001DA  9892               	bcf	146,4,c	;volatile
   288  0001DC                     
   289                           ;lib4550.c: 43:     TRISB = 0;
   290  0001DC  0E00               	movlw	0
   291  0001DE  6E93               	movwf	147,c	;volatile
   292  0001E0                     
   293                           ;lib4550.c: 44:     LATB = 0;
   294  0001E0  0E00               	movlw	0
   295  0001E2  6E8A               	movwf	138,c	;volatile
   296  0001E4                     
   297                           ;lib4550.c: 45:     TRISA = 0;
   298  0001E4  0E00               	movlw	0
   299  0001E6  6E92               	movwf	146,c	;volatile
   300  0001E8                     
   301                           ;lib4550.c: 46:     LATA = 0;
   302  0001E8  0E00               	movlw	0
   303  0001EA  6E89               	movwf	137,c	;volatile
   304  0001EC                     
   305                           ;lib4550.c: 47:     TRISD = 0;
   306  0001EC  0E00               	movlw	0
   307  0001EE  6E95               	movwf	149,c	;volatile
   308  0001F0                     
   309                           ;lib4550.c: 48:     LATA = 0;
   310  0001F0  0E00               	movlw	0
   311  0001F2  6E89               	movwf	137,c	;volatile
   312  0001F4  0012               	return		;funcret
   313  0001F6                     __end_of_system_inicializacion:
   314                           	callstack 0
   315                           
   316 ;; *************** function _tmr0init *****************
   317 ;; Defined at:
   318 ;;		line 51 in file "lib4550.c"
   319 ;; Parameters:    Size  Location     Type
   320 ;;		None
   321 ;; Auto vars:     Size  Location     Type
   322 ;;		None
   323 ;; Return value:  Size  Location     Type
   324 ;;                  1    wreg      void 
   325 ;; Registers used:
   326 ;;		wreg, status,2
   327 ;; Tracked objects:
   328 ;;		On entry : 0/0
   329 ;;		On exit  : 0/0
   330 ;;		Unchanged: 0/0
   331 ;; Data sizes:     COMRAM   BANK0   BANK1   BANK2   BANK3   BANK4   BANK5   BANK6   BANK7
   332 ;;      Params:         0       0       0       0       0       0       0       0       0
   333 ;;      Locals:         0       0       0       0       0       0       0       0       0
   334 ;;      Temps:          0       0       0       0       0       0       0       0       0
   335 ;;      Totals:         0       0       0       0       0       0       0       0       0
   336 ;;Total ram usage:        0 bytes
   337 ;; Hardware stack levels used: 1
   338 ;; Hardware stack levels required when called: 2
   339 ;; This function calls:
   340 ;;		Nothing
   341 ;; This function is called by:
   342 ;;		_system_inicializacion
   343 ;; This function uses a non-reentrant model
   344 ;;
   345                           
   346                           	psect	text2
   347  00024A                     __ptext2:
   348                           	callstack 0
   349  00024A                     _tmr0init:
   350                           	callstack 27
   351  00024A                     
   352                           ;lib4550.c: 52:     INTCONbits.GIE = 1;
   353  00024A  8EF2               	bsf	242,7,c	;volatile
   354                           
   355                           ;lib4550.c: 53:     INTCONbits.PEIE = 0;
   356  00024C  9CF2               	bcf	242,6,c	;volatile
   357                           
   358                           ;lib4550.c: 54:     INTCONbits.TMR0IE = 1;
   359  00024E  8AF2               	bsf	242,5,c	;volatile
   360                           
   361                           ;lib4550.c: 55:     INTCONbits.INT0IE = 0;
   362  000250  98F2               	bcf	242,4,c	;volatile
   363                           
   364                           ;lib4550.c: 56:     INTCONbits.RBIE = 0;
   365  000252  96F2               	bcf	242,3,c	;volatile
   366                           
   367                           ;lib4550.c: 57:     INTCONbits.TMR0IF = 0;
   368  000254  94F2               	bcf	242,2,c	;volatile
   369                           
   370                           ;lib4550.c: 58:     RCONbits.IPEN = 0;
   371  000256  9ED0               	bcf	208,7,c	;volatile
   372                           
   373                           ;lib4550.c: 59:     T0CONbits.TMR0ON = 1;
   374  000258  8ED5               	bsf	213,7,c	;volatile
   375                           
   376                           ;lib4550.c: 60:     T0CONbits.T08BIT = 1;
   377  00025A  8CD5               	bsf	213,6,c	;volatile
   378                           
   379                           ;lib4550.c: 61:     T0CONbits.T0CS = 0;
   380  00025C  9AD5               	bcf	213,5,c	;volatile
   381                           
   382                           ;lib4550.c: 62:     T0CONbits.PSA = 0;
   383  00025E  96D5               	bcf	213,3,c	;volatile
   384                           
   385                           ;lib4550.c: 64:     T0CONbits.T0PS0 = 1;
   386  000260  80D5               	bsf	213,0,c	;volatile
   387                           
   388                           ;lib4550.c: 65:     T0CONbits.T0PS1 = 1;
   389  000262  82D5               	bsf	213,1,c	;volatile
   390                           
   391                           ;lib4550.c: 66:     T0CONbits.T0PS2 = 1;
   392  000264  84D5               	bsf	213,2,c	;volatile
   393  000266                     
   394                           ;lib4550.c: 67:     TMR0L = 236;
   395  000266  0EEC               	movlw	236
   396  000268  6ED6               	movwf	214,c	;volatile
   397  00026A  0012               	return		;funcret
   398  00026C                     __end_of_tmr0init:
   399                           	callstack 0
   400                           
   401 ;; *************** function _PWMinit *****************
   402 ;; Defined at:
   403 ;;		line 215 in file "lib4550.c"
   404 ;; Parameters:    Size  Location     Type
   405 ;;		None
   406 ;; Auto vars:     Size  Location     Type
   407 ;;		None
   408 ;; Return value:  Size  Location     Type
   409 ;;                  1    wreg      void 
   410 ;; Registers used:
   411 ;;		wreg, status,2
   412 ;; Tracked objects:
   413 ;;		On entry : 0/0
   414 ;;		On exit  : 0/0
   415 ;;		Unchanged: 0/0
   416 ;; Data sizes:     COMRAM   BANK0   BANK1   BANK2   BANK3   BANK4   BANK5   BANK6   BANK7
   417 ;;      Params:         0       0       0       0       0       0       0       0       0
   418 ;;      Locals:         0       0       0       0       0       0       0       0       0
   419 ;;      Temps:          0       0       0       0       0       0       0       0       0
   420 ;;      Totals:         0       0       0       0       0       0       0       0       0
   421 ;;Total ram usage:        0 bytes
   422 ;; Hardware stack levels used: 1
   423 ;; Hardware stack levels required when called: 2
   424 ;; This function calls:
   425 ;;		Nothing
   426 ;; This function is called by:
   427 ;;		_system_inicializacion
   428 ;; This function uses a non-reentrant model
   429 ;;
   430                           
   431                           	psect	text3
   432  000222                     __ptext3:
   433                           	callstack 0
   434  000222                     _PWMinit:
   435                           	callstack 27
   436  000222                     
   437                           ;lib4550.c: 217:     CCP1CON = 0b00001100;
   438  000222  0E0C               	movlw	12
   439  000224  6EBD               	movwf	189,c	;volatile
   440                           
   441                           ;lib4550.c: 218:     CCP2CON = 0b00001100;
   442  000226  0E0C               	movlw	12
   443  000228  6EBA               	movwf	186,c	;volatile
   444                           
   445                           ;lib4550.c: 220:     PR2 = 124;
   446  00022A  0E7C               	movlw	124
   447  00022C  6ECB               	movwf	203,c	;volatile
   448  00022E                     
   449                           ;lib4550.c: 222:     T2CONbits.T2CKPS0 = 0;
   450  00022E  90CA               	bcf	202,0,c	;volatile
   451  000230                     
   452                           ;lib4550.c: 223:     T2CONbits.T2CKPS1 = 1;
   453  000230  82CA               	bsf	202,1,c	;volatile
   454  000232                     
   455                           ;lib4550.c: 225:     T2CONbits.TMR2ON = 1;
   456  000232  84CA               	bsf	202,2,c	;volatile
   457                           
   458                           ;lib4550.c: 228:     CCPR1L = 0b00000000;
   459  000234  0E00               	movlw	0
   460  000236  6EBE               	movwf	190,c	;volatile
   461  000238                     
   462                           ;lib4550.c: 229:     CCP1CONbits.DC1B1 = 0;
   463  000238  9ABD               	bcf	189,5,c	;volatile
   464  00023A                     
   465                           ;lib4550.c: 230:     CCP1CONbits.DC1B0 = 0;
   466  00023A  98BD               	bcf	189,4,c	;volatile
   467                           
   468                           ;lib4550.c: 232:     CCPR2L = 0b00000000;
   469  00023C  0E00               	movlw	0
   470  00023E  6EBB               	movwf	187,c	;volatile
   471  000240                     
   472                           ;lib4550.c: 233:     CCP2CONbits.DC2B1 = 0;
   473  000240  9ABA               	bcf	186,5,c	;volatile
   474  000242                     
   475                           ;lib4550.c: 234:     CCP2CONbits.DC2B0 = 0;
   476  000242  98BA               	bcf	186,4,c	;volatile
   477  000244                     
   478                           ;lib4550.c: 236:     TRISCbits.TRISC1 = 0;
   479  000244  9294               	bcf	148,1,c	;volatile
   480  000246                     
   481                           ;lib4550.c: 237:     TRISCbits.TRISC2 = 0;
   482  000246  9494               	bcf	148,2,c	;volatile
   483  000248  0012               	return		;funcret
   484  00024A                     __end_of_PWMinit:
   485                           	callstack 0
   486                           
   487 ;; *************** function _ADCinit *****************
   488 ;; Defined at:
   489 ;;		line 172 in file "lib4550.c"
   490 ;; Parameters:    Size  Location     Type
   491 ;;		None
   492 ;; Auto vars:     Size  Location     Type
   493 ;;		None
   494 ;; Return value:  Size  Location     Type
   495 ;;                  1    wreg      void 
   496 ;; Registers used:
   497 ;;		wreg, status,2, status,0
   498 ;; Tracked objects:
   499 ;;		On entry : 0/0
   500 ;;		On exit  : 0/0
   501 ;;		Unchanged: 0/0
   502 ;; Data sizes:     COMRAM   BANK0   BANK1   BANK2   BANK3   BANK4   BANK5   BANK6   BANK7
   503 ;;      Params:         0       0       0       0       0       0       0       0       0
   504 ;;      Locals:         0       0       0       0       0       0       0       0       0
   505 ;;      Temps:          0       0       0       0       0       0       0       0       0
   506 ;;      Totals:         0       0       0       0       0       0       0       0       0
   507 ;;Total ram usage:        0 bytes
   508 ;; Hardware stack levels used: 1
   509 ;; Hardware stack levels required when called: 2
   510 ;; This function calls:
   511 ;;		Nothing
   512 ;; This function is called by:
   513 ;;		_system_inicializacion
   514 ;; This function uses a non-reentrant model
   515 ;;
   516                           
   517                           	psect	text4
   518  00029A                     __ptext4:
   519                           	callstack 0
   520  00029A                     _ADCinit:
   521                           	callstack 27
   522  00029A                     
   523                           ;lib4550.c: 173:     TRISA = TRISA | 0b11101111;
   524  00029A  5092               	movf	146,w,c	;volatile
   525  00029C  09EF               	iorlw	239
   526  00029E  6E92               	movwf	146,c	;volatile
   527  0002A0                     
   528                           ;lib4550.c: 174:     ADCON1 = 0b00001010;
   529  0002A0  0E0A               	movlw	10
   530  0002A2  6EC1               	movwf	193,c	;volatile
   531  0002A4                     
   532                           ;lib4550.c: 175:     ADCON0 = 0b00000001;
   533  0002A4  0E01               	movlw	1
   534  0002A6  6EC2               	movwf	194,c	;volatile
   535  0002A8                     
   536                           ;lib4550.c: 176:     ADCON2 = 0b10000100;
   537  0002A8  0E84               	movlw	132
   538  0002AA  6EC0               	movwf	192,c	;volatile
   539  0002AC                     
   540                           ;lib4550.c: 177:     ADCON0bits.ADON = 1;
   541  0002AC  80C2               	bsf	194,0,c	;volatile
   542  0002AE  0012               	return		;funcret
   543  0002B0                     __end_of_ADCinit:
   544                           	callstack 0
   545                           
   546 ;; *************** function _serialinit *****************
   547 ;; Defined at:
   548 ;;		line 119 in file "lib4550.c"
   549 ;; Parameters:    Size  Location     Type
   550 ;;		None
   551 ;; Auto vars:     Size  Location     Type
   552 ;;		None
   553 ;; Return value:  Size  Location     Type
   554 ;;                  1    wreg      void 
   555 ;; Registers used:
   556 ;;		wreg, status,2
   557 ;; Tracked objects:
   558 ;;		On entry : 0/0
   559 ;;		On exit  : 0/0
   560 ;;		Unchanged: 0/0
   561 ;; Data sizes:     COMRAM   BANK0   BANK1   BANK2   BANK3   BANK4   BANK5   BANK6   BANK7
   562 ;;      Params:         0       0       0       0       0       0       0       0       0
   563 ;;      Locals:         0       0       0       0       0       0       0       0       0
   564 ;;      Temps:          0       0       0       0       0       0       0       0       0
   565 ;;      Totals:         0       0       0       0       0       0       0       0       0
   566 ;;Total ram usage:        0 bytes
   567 ;; Hardware stack levels used: 1
   568 ;; Hardware stack levels required when called: 2
   569 ;; This function calls:
   570 ;;		Nothing
   571 ;; This function is called by:
   572 ;;		_main
   573 ;; This function uses a non-reentrant model
   574 ;;
   575                           
   576                           	psect	text5
   577  0001F6                     __ptext5:
   578                           	callstack 0
   579  0001F6                     _serialinit:
   580                           	callstack 28
   581  0001F6                     
   582                           ;lib4550.c: 121:     TRISCbits.TRISC6 = 1;
   583  0001F6  8C94               	bsf	148,6,c	;volatile
   584                           
   585                           ;lib4550.c: 122:     TRISCbits.TRISC7 = 1;
   586  0001F8  8E94               	bsf	148,7,c	;volatile
   587                           
   588                           ;lib4550.c: 125:     TXSTAbits.TX9 = 0;
   589  0001FA  9CAC               	bcf	172,6,c	;volatile
   590                           
   591                           ;lib4550.c: 126:     TXSTAbits.TXEN = 0;
   592  0001FC  9AAC               	bcf	172,5,c	;volatile
   593                           
   594                           ;lib4550.c: 127:     TXSTAbits.SYNC = 0;
   595  0001FE  98AC               	bcf	172,4,c	;volatile
   596                           
   597                           ;lib4550.c: 128:     TXSTAbits.SENDB = 1;
   598  000200  86AC               	bsf	172,3,c	;volatile
   599                           
   600                           ;lib4550.c: 131:     TXSTAbits.BRGH = 0;
   601  000202  94AC               	bcf	172,2,c	;volatile
   602                           
   603                           ;lib4550.c: 134:     RCSTAbits.SPEN = 1;
   604  000204  8EAB               	bsf	171,7,c	;volatile
   605                           
   606                           ;lib4550.c: 135:     RCSTAbits.RX9 = 0;
   607  000206  9CAB               	bcf	171,6,c	;volatile
   608                           
   609                           ;lib4550.c: 136:     RCSTAbits.CREN = 1;
   610  000208  88AB               	bsf	171,4,c	;volatile
   611                           
   612                           ;lib4550.c: 137:     RCSTAbits.ADDEN = 0;
   613  00020A  96AB               	bcf	171,3,c	;volatile
   614                           
   615                           ;lib4550.c: 138:     RCSTAbits.FERR = 0;
   616  00020C  94AB               	bcf	171,2,c	;volatile
   617                           
   618                           ;lib4550.c: 141:     BAUDCONbits.ABDOVF = 0;
   619  00020E  9EB8               	bcf	184,7,c	;volatile
   620                           
   621                           ;lib4550.c: 142:     BAUDCONbits.RXDTP = 0;
   622  000210  9AB8               	bcf	184,5,c	;volatile
   623                           
   624                           ;lib4550.c: 143:     BAUDCONbits.TXCKP = 0;
   625  000212  98B8               	bcf	184,4,c	;volatile
   626                           
   627                           ;lib4550.c: 144:     BAUDCONbits.BRG16 = 0;
   628  000214  96B8               	bcf	184,3,c	;volatile
   629                           
   630                           ;lib4550.c: 145:     BAUDCONbits.ABDEN = 0;
   631  000216  90B8               	bcf	184,0,c	;volatile
   632  000218                     
   633                           ;lib4550.c: 147:     SPBRG = 51;
   634  000218  0E33               	movlw	51
   635  00021A  6EAF               	movwf	175,c	;volatile
   636                           
   637                           ;lib4550.c: 148:     TXREG = 0b01110111;
   638  00021C  0E77               	movlw	119
   639  00021E  6EAD               	movwf	173,c	;volatile
   640  000220  0012               	return		;funcret
   641  000222                     __end_of_serialinit:
   642                           	callstack 0
   643                           
   644 ;; *************** function _myint *****************
   645 ;; Defined at:
   646 ;;		line 16 in file "lib4550.c"
   647 ;; Parameters:    Size  Location     Type
   648 ;;		None
   649 ;; Auto vars:     Size  Location     Type
   650 ;;		None
   651 ;; Return value:  Size  Location     Type
   652 ;;                  1    wreg      void 
   653 ;; Registers used:
   654 ;;		wreg, status,2, status,0, cstack
   655 ;; Tracked objects:
   656 ;;		On entry : 0/0
   657 ;;		On exit  : 0/0
   658 ;;		Unchanged: 0/0
   659 ;; Data sizes:     COMRAM   BANK0   BANK1   BANK2   BANK3   BANK4   BANK5   BANK6   BANK7
   660 ;;      Params:         0       0       0       0       0       0       0       0       0
   661 ;;      Locals:         0       0       0       0       0       0       0       0       0
   662 ;;      Temps:          0       0       0       0       0       0       0       0       0
   663 ;;      Totals:         0       0       0       0       0       0       0       0       0
   664 ;;Total ram usage:        0 bytes
   665 ;; Hardware stack levels used: 1
   666 ;; Hardware stack levels required when called: 1
   667 ;; This function calls:
   668 ;;		_ONbuttonA_pressed
   669 ;;		_ONbuttonB_pressed
   670 ;;		_every5ms
   671 ;; This function is called by:
   672 ;;		Interrupt level 2
   673 ;; This function uses a non-reentrant model
   674 ;;
   675                           
   676                           	psect	intcode
   677  000008                     __pintcode:
   678                           	callstack 0
   679  000008                     _myint:
   680                           	callstack 27
   681                           
   682                           ;incstack = 0
   683  000008  8210               	bsf	int$flags,1,c	;set compiler interrupt flag (level 2)
   684  00000A  ED36  F001         	call	int_func,f	;refresh shadow registers
   685                           
   686                           	psect	intcode_body
   687  00026C                     __pintcode_body:
   688                           	callstack 27
   689  00026C                     int_func:
   690                           	callstack 27
   691  00026C  0006               	pop		; remove dummy address from shadow register refresh
   692  00026E                     
   693                           ;lib4550.c: 18:     every5ms();
   694  00026E  EC62  F001         	call	_every5ms	;wreg free
   695  000272                     
   696                           ;lib4550.c: 19:     ONbuttonA_pressed();
   697  000272  EC75  F000         	call	_ONbuttonA_pressed	;wreg free
   698  000276                     
   699                           ;lib4550.c: 20:     ONbuttonB_pressed();
   700  000276  EC09  F000         	call	_ONbuttonB_pressed	;wreg free
   701  00027A                     
   702                           ;lib4550.c: 24:     INTCONbits.TMR0IF = 0;
   703  00027A  94F2               	bcf	242,2,c	;volatile
   704  00027C                     
   705                           ;lib4550.c: 25:     TMR0L = 236;
   706  00027C  0EEC               	movlw	236
   707  00027E  6ED6               	movwf	214,c	;volatile
   708  000280  9210               	bcf	int$flags,1,c	;clear compiler interrupt flag (level 2)
   709  000282  0011               	retfie		f
   710  000284                     __end_of_myint:
   711                           	callstack 0
   712                           
   713 ;; *************** function _every5ms *****************
   714 ;; Defined at:
   715 ;;		line 93 in file "ordinariomain.c"
   716 ;; Parameters:    Size  Location     Type
   717 ;;		None
   718 ;; Auto vars:     Size  Location     Type
   719 ;;		None
   720 ;; Return value:  Size  Location     Type
   721 ;;                  1    wreg      void 
   722 ;; Registers used:
   723 ;;		None
   724 ;; Tracked objects:
   725 ;;		On entry : 0/0
   726 ;;		On exit  : 0/0
   727 ;;		Unchanged: 0/0
   728 ;; Data sizes:     COMRAM   BANK0   BANK1   BANK2   BANK3   BANK4   BANK5   BANK6   BANK7
   729 ;;      Params:         0       0       0       0       0       0       0       0       0
   730 ;;      Locals:         0       0       0       0       0       0       0       0       0
   731 ;;      Temps:          0       0       0       0       0       0       0       0       0
   732 ;;      Totals:         0       0       0       0       0       0       0       0       0
   733 ;;Total ram usage:        0 bytes
   734 ;; Hardware stack levels used: 1
   735 ;; This function calls:
   736 ;;		Nothing
   737 ;; This function is called by:
   738 ;;		_myint
   739 ;; This function uses a non-reentrant model
   740 ;;
   741                           
   742                           	psect	text7
   743  0002C4                     __ptext7:
   744                           	callstack 0
   745  0002C4                     _every5ms:
   746                           	callstack 27
   747  0002C4  0012               	return		;funcret
   748  0002C6                     __end_of_every5ms:
   749                           	callstack 0
   750                           
   751 ;; *************** function _ONbuttonB_pressed *****************
   752 ;; Defined at:
   753 ;;		line 59 in file "ordinariomain.c"
   754 ;; Parameters:    Size  Location     Type
   755 ;;		None
   756 ;; Auto vars:     Size  Location     Type
   757 ;;		None
   758 ;; Return value:  Size  Location     Type
   759 ;;                  1    wreg      void 
   760 ;; Registers used:
   761 ;;		wreg, status,2, status,0
   762 ;; Tracked objects:
   763 ;;		On entry : 0/0
   764 ;;		On exit  : 0/0
   765 ;;		Unchanged: 0/0
   766 ;; Data sizes:     COMRAM   BANK0   BANK1   BANK2   BANK3   BANK4   BANK5   BANK6   BANK7
   767 ;;      Params:         0       0       0       0       0       0       0       0       0
   768 ;;      Locals:         0       0       0       0       0       0       0       0       0
   769 ;;      Temps:          0       0       0       0       0       0       0       0       0
   770 ;;      Totals:         0       0       0       0       0       0       0       0       0
   771 ;;Total ram usage:        0 bytes
   772 ;; Hardware stack levels used: 1
   773 ;; This function calls:
   774 ;;		Nothing
   775 ;; This function is called by:
   776 ;;		_myint
   777 ;; This function uses a non-reentrant model
   778 ;;
   779                           
   780                           	psect	text8
   781  000012                     __ptext8:
   782                           	callstack 0
   783  000012                     _ONbuttonB_pressed:
   784                           	callstack 27
   785  000012                     
   786                           ;ordinariomain.c: 61:     if (PORTCbits.RC5 && buttonBflag) {
   787  000012  AA82               	btfss	130,5,c	;volatile
   788  000014  EF0E  F000         	goto	i2u11_41
   789  000018  EF10  F000         	goto	i2u11_40
   790  00001C                     i2u11_41:
   791  00001C  EF1C  F000         	goto	i2l1030
   792  000020                     i2u11_40:
   793  000020  500E               	movf	_buttonBflag^0,w,c
   794  000022  B4D8               	btfsc	status,2,c
   795  000024  EF16  F000         	goto	i2u12_41
   796  000028  EF18  F000         	goto	i2u12_40
   797  00002C                     i2u12_41:
   798  00002C  EF1C  F000         	goto	i2l1030
   799  000030                     i2u12_40:
   800  000030                     
   801                           ;ordinariomain.c: 62:         buttonBpressedcounter++;
   802  000030  4A03               	infsnz	_buttonBpressedcounter^0,f,c
   803  000032  2A04               	incf	(_buttonBpressedcounter+1)^0,f,c
   804                           
   805                           ;ordinariomain.c: 63:         buttonBpressedcounter2++;
   806  000034  4A01               	infsnz	_buttonBpressedcounter2^0,f,c
   807  000036  2A02               	incf	(_buttonBpressedcounter2+1)^0,f,c
   808  000038                     i2l1030:
   809                           
   810                           ;ordinariomain.c: 67:     if (PORTCbits.RC5 && !buttonBflag) {
   811  000038  AA82               	btfss	130,5,c	;volatile
   812  00003A  EF21  F000         	goto	i2u13_41
   813  00003E  EF23  F000         	goto	i2u13_40
   814  000042                     i2u13_41:
   815  000042  EF35  F000         	goto	i2l1036
   816  000046                     i2u13_40:
   817  000046  500E               	movf	_buttonBflag^0,w,c
   818  000048  A4D8               	btfss	status,2,c
   819  00004A  EF29  F000         	goto	i2u14_41
   820  00004E  EF2B  F000         	goto	i2u14_40
   821  000052                     i2u14_41:
   822  000052  EF35  F000         	goto	i2l1036
   823  000056                     i2u14_40:
   824  000056                     
   825                           ;ordinariomain.c: 68:         buttonBflag = 1;
   826  000056  0E01               	movlw	1
   827  000058  6E0E               	movwf	_buttonBflag^0,c
   828                           
   829                           ;ordinariomain.c: 69:         buttonBpressedcounter = 0;
   830  00005A  0E00               	movlw	0
   831  00005C  6E04               	movwf	(_buttonBpressedcounter+1)^0,c
   832  00005E  0E00               	movlw	0
   833  000060  6E03               	movwf	_buttonBpressedcounter^0,c
   834                           
   835                           ;ordinariomain.c: 70:         buttonBpressedcounter2 = 0;
   836  000062  0E00               	movlw	0
   837  000064  6E02               	movwf	(_buttonBpressedcounter2+1)^0,c
   838  000066  0E00               	movlw	0
   839  000068  6E01               	movwf	_buttonBpressedcounter2^0,c
   840  00006A                     i2l1036:
   841                           
   842                           ;ordinariomain.c: 74:     if (!PORTCbits.RC5 && buttonBflag && buttonBpressedcounter2 < 
      +                          399) {
   843  00006A  BA82               	btfsc	130,5,c	;volatile
   844  00006C  EF3A  F000         	goto	i2u15_41
   845  000070  EF3C  F000         	goto	i2u15_40
   846  000074                     i2u15_41:
   847  000074  EF51  F000         	goto	i2l1044
   848  000078                     i2u15_40:
   849  000078  500E               	movf	_buttonBflag^0,w,c
   850  00007A  B4D8               	btfsc	status,2,c
   851  00007C  EF42  F000         	goto	i2u16_41
   852  000080  EF44  F000         	goto	i2u16_40
   853  000084                     i2u16_41:
   854  000084  EF51  F000         	goto	i2l1044
   855  000088                     i2u16_40:
   856  000088  0E8F               	movlw	143
   857  00008A  5C01               	subwf	_buttonBpressedcounter2^0,w,c
   858  00008C  0E01               	movlw	1
   859  00008E  5802               	subwfb	(_buttonBpressedcounter2+1)^0,w,c
   860  000090  B0D8               	btfsc	status,0,c
   861  000092  EF4D  F000         	goto	i2u17_41
   862  000096  EF4F  F000         	goto	i2u17_40
   863  00009A                     i2u17_41:
   864  00009A  EF51  F000         	goto	i2l1044
   865  00009E                     i2u17_40:
   866  00009E                     
   867                           ;ordinariomain.c: 75:         buttonBflag = 0;
   868  00009E  0E00               	movlw	0
   869  0000A0  6E0E               	movwf	_buttonBflag^0,c
   870  0000A2                     i2l1044:
   871                           
   872                           ;ordinariomain.c: 82:     if (PORTCbits.RC5 && buttonBpressedcounter == 399) {
   873  0000A2  AA82               	btfss	130,5,c	;volatile
   874  0000A4  EF56  F000         	goto	i2u18_41
   875  0000A8  EF58  F000         	goto	i2u18_40
   876  0000AC                     i2u18_41:
   877  0000AC  EF6B  F000         	goto	i2l1050
   878  0000B0                     i2u18_40:
   879  0000B0  0E8F               	movlw	143
   880  0000B2  1803               	xorwf	_buttonBpressedcounter^0,w,c
   881  0000B4  E106               	bnz	i2u19_41
   882  0000B6  0404               	decf	(_buttonBpressedcounter+1)^0,w,c
   883  0000B8  A4D8               	btfss	status,2,c
   884  0000BA  EF61  F000         	goto	i2u19_41
   885  0000BE  EF63  F000         	goto	i2u19_40
   886  0000C2                     i2u19_41:
   887  0000C2  EF6B  F000         	goto	i2l1050
   888  0000C6                     i2u19_40:
   889  0000C6                     
   890                           ;ordinariomain.c: 83:         buttonBpressedcounter = 0;
   891  0000C6  0E00               	movlw	0
   892  0000C8  6E04               	movwf	(_buttonBpressedcounter+1)^0,c
   893  0000CA  0E00               	movlw	0
   894  0000CC  6E03               	movwf	_buttonBpressedcounter^0,c
   895                           
   896                           ;ordinariomain.c: 84:         buttonBpressedcounter2 = 400;
   897  0000CE  0E01               	movlw	1
   898  0000D0  6E02               	movwf	(_buttonBpressedcounter2+1)^0,c
   899  0000D2  0E90               	movlw	144
   900  0000D4  6E01               	movwf	_buttonBpressedcounter2^0,c
   901  0000D6                     i2l1050:
   902                           
   903                           ;ordinariomain.c: 89:     if (!PORTCbits.RC5) buttonBflag = 0;
   904  0000D6  BA82               	btfsc	130,5,c	;volatile
   905  0000D8  EF70  F000         	goto	i2u20_41
   906  0000DC  EF72  F000         	goto	i2u20_40
   907  0000E0                     i2u20_41:
   908  0000E0  EF74  F000         	goto	i2l281
   909  0000E4                     i2u20_40:
   910  0000E4  0E00               	movlw	0
   911  0000E6  6E0E               	movwf	_buttonBflag^0,c
   912  0000E8                     i2l281:
   913  0000E8  0012               	return		;funcret
   914  0000EA                     __end_of_ONbuttonB_pressed:
   915                           	callstack 0
   916                           
   917 ;; *************** function _ONbuttonA_pressed *****************
   918 ;; Defined at:
   919 ;;		line 24 in file "ordinariomain.c"
   920 ;; Parameters:    Size  Location     Type
   921 ;;		None
   922 ;; Auto vars:     Size  Location     Type
   923 ;;		None
   924 ;; Return value:  Size  Location     Type
   925 ;;                  1    wreg      void 
   926 ;; Registers used:
   927 ;;		wreg, status,2, status,0
   928 ;; Tracked objects:
   929 ;;		On entry : 0/0
   930 ;;		On exit  : 0/0
   931 ;;		Unchanged: 0/0
   932 ;; Data sizes:     COMRAM   BANK0   BANK1   BANK2   BANK3   BANK4   BANK5   BANK6   BANK7
   933 ;;      Params:         0       0       0       0       0       0       0       0       0
   934 ;;      Locals:         0       0       0       0       0       0       0       0       0
   935 ;;      Temps:          0       0       0       0       0       0       0       0       0
   936 ;;      Totals:         0       0       0       0       0       0       0       0       0
   937 ;;Total ram usage:        0 bytes
   938 ;; Hardware stack levels used: 1
   939 ;; This function calls:
   940 ;;		Nothing
   941 ;; This function is called by:
   942 ;;		_myint
   943 ;; This function uses a non-reentrant model
   944 ;;
   945                           
   946                           	psect	text9
   947  0000EA                     __ptext9:
   948                           	callstack 0
   949  0000EA                     _ONbuttonA_pressed:
   950                           	callstack 27
   951  0000EA                     
   952                           ;ordinariomain.c: 26:     if (PORTCbits.RC4 && buttonAflag) {
   953  0000EA  A882               	btfss	130,4,c	;volatile
   954  0000EC  EF7A  F000         	goto	i2u1_41
   955  0000F0  EF7C  F000         	goto	i2u1_40
   956  0000F4                     i2u1_41:
   957  0000F4  EF88  F000         	goto	i2l1000
   958  0000F8                     i2u1_40:
   959  0000F8  500F               	movf	_buttonAflag^0,w,c
   960  0000FA  B4D8               	btfsc	status,2,c
   961  0000FC  EF82  F000         	goto	i2u2_41
   962  000100  EF84  F000         	goto	i2u2_40
   963  000104                     i2u2_41:
   964  000104  EF88  F000         	goto	i2l1000
   965  000108                     i2u2_40:
   966  000108                     
   967                           ;ordinariomain.c: 27:         buttonApressedcounter++;
   968  000108  4A07               	infsnz	_buttonApressedcounter^0,f,c
   969  00010A  2A08               	incf	(_buttonApressedcounter+1)^0,f,c
   970                           
   971                           ;ordinariomain.c: 28:         buttonApressedcounter2++;
   972  00010C  4A05               	infsnz	_buttonApressedcounter2^0,f,c
   973  00010E  2A06               	incf	(_buttonApressedcounter2+1)^0,f,c
   974  000110                     i2l1000:
   975                           
   976                           ;ordinariomain.c: 32:     if (PORTCbits.RC4 && !buttonAflag) {
   977  000110  A882               	btfss	130,4,c	;volatile
   978  000112  EF8D  F000         	goto	i2u3_41
   979  000116  EF8F  F000         	goto	i2u3_40
   980  00011A                     i2u3_41:
   981  00011A  EFA1  F000         	goto	i2l1006
   982  00011E                     i2u3_40:
   983  00011E  500F               	movf	_buttonAflag^0,w,c
   984  000120  A4D8               	btfss	status,2,c
   985  000122  EF95  F000         	goto	i2u4_41
   986  000126  EF97  F000         	goto	i2u4_40
   987  00012A                     i2u4_41:
   988  00012A  EFA1  F000         	goto	i2l1006
   989  00012E                     i2u4_40:
   990  00012E                     
   991                           ;ordinariomain.c: 33:         buttonAflag = 1;
   992  00012E  0E01               	movlw	1
   993  000130  6E0F               	movwf	_buttonAflag^0,c
   994                           
   995                           ;ordinariomain.c: 34:         buttonApressedcounter = 0;
   996  000132  0E00               	movlw	0
   997  000134  6E08               	movwf	(_buttonApressedcounter+1)^0,c
   998  000136  0E00               	movlw	0
   999  000138  6E07               	movwf	_buttonApressedcounter^0,c
  1000                           
  1001                           ;ordinariomain.c: 35:         buttonApressedcounter2 = 0;
  1002  00013A  0E00               	movlw	0
  1003  00013C  6E06               	movwf	(_buttonApressedcounter2+1)^0,c
  1004  00013E  0E00               	movlw	0
  1005  000140  6E05               	movwf	_buttonApressedcounter2^0,c
  1006  000142                     i2l1006:
  1007                           
  1008                           ;ordinariomain.c: 39:     if (!PORTCbits.RC4 && buttonAflag && buttonApressedcounter2 < 
      +                          399) {
  1009  000142  B882               	btfsc	130,4,c	;volatile
  1010  000144  EFA6  F000         	goto	i2u5_41
  1011  000148  EFA8  F000         	goto	i2u5_40
  1012  00014C                     i2u5_41:
  1013  00014C  EFBD  F000         	goto	i2l1014
  1014  000150                     i2u5_40:
  1015  000150  500F               	movf	_buttonAflag^0,w,c
  1016  000152  B4D8               	btfsc	status,2,c
  1017  000154  EFAE  F000         	goto	i2u6_41
  1018  000158  EFB0  F000         	goto	i2u6_40
  1019  00015C                     i2u6_41:
  1020  00015C  EFBD  F000         	goto	i2l1014
  1021  000160                     i2u6_40:
  1022  000160  0E8F               	movlw	143
  1023  000162  5C05               	subwf	_buttonApressedcounter2^0,w,c
  1024  000164  0E01               	movlw	1
  1025  000166  5806               	subwfb	(_buttonApressedcounter2+1)^0,w,c
  1026  000168  B0D8               	btfsc	status,0,c
  1027  00016A  EFB9  F000         	goto	i2u7_41
  1028  00016E  EFBB  F000         	goto	i2u7_40
  1029  000172                     i2u7_41:
  1030  000172  EFBD  F000         	goto	i2l1014
  1031  000176                     i2u7_40:
  1032  000176                     
  1033                           ;ordinariomain.c: 40:         buttonAflag = 0;
  1034  000176  0E00               	movlw	0
  1035  000178  6E0F               	movwf	_buttonAflag^0,c
  1036  00017A                     i2l1014:
  1037                           
  1038                           ;ordinariomain.c: 47:     if (PORTCbits.RC4 && buttonApressedcounter == 399) {
  1039  00017A  A882               	btfss	130,4,c	;volatile
  1040  00017C  EFC2  F000         	goto	i2u8_41
  1041  000180  EFC4  F000         	goto	i2u8_40
  1042  000184                     i2u8_41:
  1043  000184  EFD7  F000         	goto	i2l1020
  1044  000188                     i2u8_40:
  1045  000188  0E8F               	movlw	143
  1046  00018A  1807               	xorwf	_buttonApressedcounter^0,w,c
  1047  00018C  E106               	bnz	i2u9_41
  1048  00018E  0408               	decf	(_buttonApressedcounter+1)^0,w,c
  1049  000190  A4D8               	btfss	status,2,c
  1050  000192  EFCD  F000         	goto	i2u9_41
  1051  000196  EFCF  F000         	goto	i2u9_40
  1052  00019A                     i2u9_41:
  1053  00019A  EFD7  F000         	goto	i2l1020
  1054  00019E                     i2u9_40:
  1055  00019E                     
  1056                           ;ordinariomain.c: 48:         buttonApressedcounter = 0;
  1057  00019E  0E00               	movlw	0
  1058  0001A0  6E08               	movwf	(_buttonApressedcounter+1)^0,c
  1059  0001A2  0E00               	movlw	0
  1060  0001A4  6E07               	movwf	_buttonApressedcounter^0,c
  1061                           
  1062                           ;ordinariomain.c: 49:         buttonApressedcounter2 = 400;
  1063  0001A6  0E01               	movlw	1
  1064  0001A8  6E06               	movwf	(_buttonApressedcounter2+1)^0,c
  1065  0001AA  0E90               	movlw	144
  1066  0001AC  6E05               	movwf	_buttonApressedcounter2^0,c
  1067  0001AE                     i2l1020:
  1068                           
  1069                           ;ordinariomain.c: 53:     if (!PORTCbits.RC4) buttonAflag = 0;
  1070  0001AE  B882               	btfsc	130,4,c	;volatile
  1071  0001B0  EFDC  F000         	goto	i2u10_41
  1072  0001B4  EFDE  F000         	goto	i2u10_40
  1073  0001B8                     i2u10_41:
  1074  0001B8  EFE0  F000         	goto	i2l273
  1075  0001BC                     i2u10_40:
  1076  0001BC  0E00               	movlw	0
  1077  0001BE  6E0F               	movwf	_buttonAflag^0,c
  1078  0001C0                     i2l273:
  1079  0001C0  0012               	return		;funcret
  1080  0001C2                     __end_of_ONbuttonA_pressed:
  1081                           	callstack 0
  1082  0000                     
  1083                           	psect	rparam
  1084  0000                     
  1085                           	psect	temp
  1086  000010                     btemp:
  1087                           	callstack 0
  1088  000010                     	ds	1
  1089  0000                     int$flags	set	btemp
  1090  0000                     wtemp8	set	btemp+1
  1091  0000                     ttemp5	set	btemp+1
  1092  0000                     ttemp6	set	btemp+4
  1093  0000                     ttemp7	set	btemp+8
  1094                           
  1095                           	psect	idloc
  1096                           
  1097                           ;Config register IDLOC0 @ 0x200000
  1098                           ;	unspecified, using default values
  1099  200000                     	org	2097152
  1100  200000  FF                 	db	255
  1101                           
  1102                           ;Config register IDLOC1 @ 0x200001
  1103                           ;	unspecified, using default values
  1104  200001                     	org	2097153
  1105  200001  FF                 	db	255
  1106                           
  1107                           ;Config register IDLOC2 @ 0x200002
  1108                           ;	unspecified, using default values
  1109  200002                     	org	2097154
  1110  200002  FF                 	db	255
  1111                           
  1112                           ;Config register IDLOC3 @ 0x200003
  1113                           ;	unspecified, using default values
  1114  200003                     	org	2097155
  1115  200003  FF                 	db	255
  1116                           
  1117                           ;Config register IDLOC4 @ 0x200004
  1118                           ;	unspecified, using default values
  1119  200004                     	org	2097156
  1120  200004  FF                 	db	255
  1121                           
  1122                           ;Config register IDLOC5 @ 0x200005
  1123                           ;	unspecified, using default values
  1124  200005                     	org	2097157
  1125  200005  FF                 	db	255
  1126                           
  1127                           ;Config register IDLOC6 @ 0x200006
  1128                           ;	unspecified, using default values
  1129  200006                     	org	2097158
  1130  200006  FF                 	db	255
  1131                           
  1132                           ;Config register IDLOC7 @ 0x200007
  1133                           ;	unspecified, using default values
  1134  200007                     	org	2097159
  1135  200007  FF                 	db	255
  1136                           
  1137                           	psect	config
  1138                           
  1139                           ;Config register CONFIG1L @ 0x300000
  1140                           ;	PLL Prescaler Selection bits
  1141                           ;	PLLDIV = 1, No prescale (4 MHz oscillator input drives PLL directly)
  1142                           ;	System Clock Postscaler Selection bits
  1143                           ;	CPUDIV = OSC1_PLL2, [Primary Oscillator Src: /1][96 MHz PLL Src: /2]
  1144                           ;	USB Clock Selection bit (used in Full-Speed USB mode only; UCFG:FSEN = 1)
  1145                           ;	USBDIV = 1, USB clock source comes directly from the primary oscillator block with no 
      +                          postscale
  1146  300000                     	org	3145728
  1147  300000  00                 	db	0
  1148                           
  1149                           ;Config register CONFIG1H @ 0x300001
  1150                           ;	Oscillator Selection bits
  1151                           ;	FOSC = INTOSC_EC, Internal oscillator, CLKO function on RA6, EC used by USB (INTCKO)
  1152                           ;	Fail-Safe Clock Monitor Enable bit
  1153                           ;	FCMEN = OFF, Fail-Safe Clock Monitor disabled
  1154                           ;	Internal/External Oscillator Switchover bit
  1155                           ;	IESO = OFF, Oscillator Switchover mode disabled
  1156  300001                     	org	3145729
  1157  300001  09                 	db	9
  1158                           
  1159                           ;Config register CONFIG2L @ 0x300002
  1160                           ;	Power-up Timer Enable bit
  1161                           ;	PWRT = OFF, PWRT disabled
  1162                           ;	Brown-out Reset Enable bits
  1163                           ;	BOR = OFF, Brown-out Reset disabled in hardware and software
  1164                           ;	Brown-out Reset Voltage bits
  1165                           ;	BORV = 3, Minimum setting 2.05V
  1166                           ;	USB Voltage Regulator Enable bit
  1167                           ;	VREGEN = OFF, USB voltage regulator disabled
  1168  300002                     	org	3145730
  1169  300002  19                 	db	25
  1170                           
  1171                           ;Config register CONFIG2H @ 0x300003
  1172                           ;	Watchdog Timer Enable bit
  1173                           ;	WDT = OFF, WDT disabled (control is placed on the SWDTEN bit)
  1174                           ;	Watchdog Timer Postscale Select bits
  1175                           ;	WDTPS = 32768, 1:32768
  1176  300003                     	org	3145731
  1177  300003  1E                 	db	30
  1178                           
  1179                           ; Padding undefined space
  1180  300004                     	org	3145732
  1181  300004  FF                 	db	255
  1182                           
  1183                           ;Config register CONFIG3H @ 0x300005
  1184                           ;	CCP2 MUX bit
  1185                           ;	CCP2MX = ON, CCP2 input/output is multiplexed with RC1
  1186                           ;	PORTB A/D Enable bit
  1187                           ;	PBADEN = OFF, PORTB<4:0> pins are configured as digital I/O on Reset
  1188                           ;	Low-Power Timer 1 Oscillator Enable bit
  1189                           ;	LPT1OSC = OFF, Timer1 configured for higher power operation
  1190                           ;	MCLR Pin Enable bit
  1191                           ;	MCLRE = ON, MCLR pin enabled; RE3 input pin disabled
  1192  300005                     	org	3145733
  1193  300005  81                 	db	129
  1194                           
  1195                           ;Config register CONFIG4L @ 0x300006
  1196                           ;	Stack Full/Underflow Reset Enable bit
  1197                           ;	STVREN = OFF, Stack full/underflow will not cause Reset
  1198                           ;	Single-Supply ICSP Enable bit
  1199                           ;	LVP = OFF, Single-Supply ICSP disabled
  1200                           ;	Dedicated In-Circuit Debug/Programming Port (ICPORT) Enable bit
  1201                           ;	ICPRT = OFF, ICPORT disabled
  1202                           ;	Extended Instruction Set Enable bit
  1203                           ;	XINST = OFF, Instruction set extension and Indexed Addressing mode disabled (Legacy mo
      +                          de)
  1204                           ;	Background Debugger Enable bit
  1205                           ;	DEBUG = 0x1, unprogrammed default
  1206  300006                     	org	3145734
  1207  300006  80                 	db	128
  1208                           
  1209                           ; Padding undefined space
  1210  300007                     	org	3145735
  1211  300007  FF                 	db	255
  1212                           
  1213                           ;Config register CONFIG5L @ 0x300008
  1214                           ;	Code Protection bit
  1215                           ;	CP0 = OFF, Block 0 (000800-001FFFh) is not code-protected
  1216                           ;	Code Protection bit
  1217                           ;	CP1 = OFF, Block 1 (002000-003FFFh) is not code-protected
  1218                           ;	Code Protection bit
  1219                           ;	CP2 = OFF, Block 2 (004000-005FFFh) is not code-protected
  1220                           ;	Code Protection bit
  1221                           ;	CP3 = OFF, Block 3 (006000-007FFFh) is not code-protected
  1222  300008                     	org	3145736
  1223  300008  0F                 	db	15
  1224                           
  1225                           ;Config register CONFIG5H @ 0x300009
  1226                           ;	Boot Block Code Protection bit
  1227                           ;	CPB = OFF, Boot block (000000-0007FFh) is not code-protected
  1228                           ;	Data EEPROM Code Protection bit
  1229                           ;	CPD = OFF, Data EEPROM is not code-protected
  1230  300009                     	org	3145737
  1231  300009  C0                 	db	192
  1232                           
  1233                           ;Config register CONFIG6L @ 0x30000A
  1234                           ;	Write Protection bit
  1235                           ;	WRT0 = OFF, Block 0 (000800-001FFFh) is not write-protected
  1236                           ;	Write Protection bit
  1237                           ;	WRT1 = OFF, Block 1 (002000-003FFFh) is not write-protected
  1238                           ;	Write Protection bit
  1239                           ;	WRT2 = OFF, Block 2 (004000-005FFFh) is not write-protected
  1240                           ;	Write Protection bit
  1241                           ;	WRT3 = OFF, Block 3 (006000-007FFFh) is not write-protected
  1242  30000A                     	org	3145738
  1243  30000A  0F                 	db	15
  1244                           
  1245                           ;Config register CONFIG6H @ 0x30000B
  1246                           ;	Configuration Register Write Protection bit
  1247                           ;	WRTC = OFF, Configuration registers (300000-3000FFh) are not write-protected
  1248                           ;	Boot Block Write Protection bit
  1249                           ;	WRTB = OFF, Boot block (000000-0007FFh) is not write-protected
  1250                           ;	Data EEPROM Write Protection bit
  1251                           ;	WRTD = OFF, Data EEPROM is not write-protected
  1252  30000B                     	org	3145739
  1253  30000B  E0                 	db	224
  1254                           
  1255                           ;Config register CONFIG7L @ 0x30000C
  1256                           ;	Table Read Protection bit
  1257                           ;	EBTR0 = OFF, Block 0 (000800-001FFFh) is not protected from table reads executed in ot
      +                          her blocks
  1258                           ;	Table Read Protection bit
  1259                           ;	EBTR1 = OFF, Block 1 (002000-003FFFh) is not protected from table reads executed in ot
      +                          her blocks
  1260                           ;	Table Read Protection bit
  1261                           ;	EBTR2 = OFF, Block 2 (004000-005FFFh) is not protected from table reads executed in ot
      +                          her blocks
  1262                           ;	Table Read Protection bit
  1263                           ;	EBTR3 = OFF, Block 3 (006000-007FFFh) is not protected from table reads executed in ot
      +                          her blocks
  1264  30000C                     	org	3145740
  1265  30000C  0F                 	db	15
  1266                           
  1267                           ;Config register CONFIG7H @ 0x30000D
  1268                           ;	Boot Block Table Read Protection bit
  1269                           ;	EBTRB = OFF, Boot block (000000-0007FFh) is not protected from table reads executed in
      +                           other blocks
  1270  30000D                     	org	3145741
  1271  30000D  40                 	db	64
  1272                           tosu	equ	0xFFF
  1273                           tosh	equ	0xFFE
  1274                           tosl	equ	0xFFD
  1275                           stkptr	equ	0xFFC
  1276                           pclatu	equ	0xFFB
  1277                           pclath	equ	0xFFA
  1278                           pcl	equ	0xFF9
  1279                           tblptru	equ	0xFF8
  1280                           tblptrh	equ	0xFF7
  1281                           tblptrl	equ	0xFF6
  1282                           tablat	equ	0xFF5
  1283                           prodh	equ	0xFF4
  1284                           prodl	equ	0xFF3
  1285                           indf0	equ	0xFEF
  1286                           postinc0	equ	0xFEE
  1287                           postdec0	equ	0xFED
  1288                           preinc0	equ	0xFEC
  1289                           plusw0	equ	0xFEB
  1290                           fsr0h	equ	0xFEA
  1291                           fsr0l	equ	0xFE9
  1292                           wreg	equ	0xFE8
  1293                           indf1	equ	0xFE7
  1294                           postinc1	equ	0xFE6
  1295                           postdec1	equ	0xFE5
  1296                           preinc1	equ	0xFE4
  1297                           plusw1	equ	0xFE3
  1298                           fsr1h	equ	0xFE2
  1299                           fsr1l	equ	0xFE1
  1300                           bsr	equ	0xFE0
  1301                           indf2	equ	0xFDF
  1302                           postinc2	equ	0xFDE
  1303                           postdec2	equ	0xFDD
  1304                           preinc2	equ	0xFDC
  1305                           plusw2	equ	0xFDB
  1306                           fsr2h	equ	0xFDA
  1307                           fsr2l	equ	0xFD9
  1308                           status	equ	0xFD8

Data Sizes:
    Strings     0
    Constant    0
    Data        0
    BSS         15
    Persistent  0
    Stack       0

Auto Spaces:
    Space          Size  Autos    Used
    COMRAM           94      0      15
    BANK0           160      0       0
    BANK1           256      0       0
    BANK2           256      0       0
    BANK3           256      0       0
    BANK4           256      0       0
    BANK5           256      0       0
    BANK6           256      0       0
    BANK7           256      0       0

Pointer List with Targets:

    None.

Critical Paths under _main in COMRAM

    None.

Critical Paths under _myint in COMRAM

    None.

Critical Paths under _main in BANK0

    None.

Critical Paths under _myint in BANK0

    None.

Critical Paths under _main in BANK1

    None.

Critical Paths under _myint in BANK1

    None.

Critical Paths under _main in BANK2

    None.

Critical Paths under _myint in BANK2

    None.

Critical Paths under _main in BANK3

    None.

Critical Paths under _myint in BANK3

    None.

Critical Paths under _main in BANK4

    None.

Critical Paths under _myint in BANK4

    None.

Critical Paths under _main in BANK5

    None.

Critical Paths under _myint in BANK5

    None.

Critical Paths under _main in BANK6

    None.

Critical Paths under _myint in BANK6

    None.

Critical Paths under _main in BANK7

    None.

Critical Paths under _myint in BANK7

    None.

Call Graph Tables:

 ---------------------------------------------------------------------------------
 (Depth) Function   	        Calls       Base Space   Used Autos Params    Refs
 ---------------------------------------------------------------------------------
 (0) _main                                                 0     0      0       0
                         _serialinit
              _system_inicializacion
 ---------------------------------------------------------------------------------
 (1) _system_inicializacion                                0     0      0       0
                            _ADCinit
                            _PWMinit
                           _tmr0init
 ---------------------------------------------------------------------------------
 (2) _tmr0init                                             0     0      0       0
 ---------------------------------------------------------------------------------
 (2) _PWMinit                                              0     0      0       0
 ---------------------------------------------------------------------------------
 (2) _ADCinit                                              0     0      0       0
 ---------------------------------------------------------------------------------
 (1) _serialinit                                           0     0      0       0
 ---------------------------------------------------------------------------------
 Estimated maximum stack depth 2
 ---------------------------------------------------------------------------------
 (Depth) Function   	        Calls       Base Space   Used Autos Params    Refs
 ---------------------------------------------------------------------------------
 (3) _myint                                                0     0      0       0
                  _ONbuttonA_pressed
                  _ONbuttonB_pressed
                           _every5ms
 ---------------------------------------------------------------------------------
 (4) _every5ms                                             0     0      0       0
 ---------------------------------------------------------------------------------
 (4) _ONbuttonB_pressed                                    0     0      0       0
 ---------------------------------------------------------------------------------
 (4) _ONbuttonA_pressed                                    0     0      0       0
 ---------------------------------------------------------------------------------
 Estimated maximum stack depth 4
 ---------------------------------------------------------------------------------

 Call Graph Graphs:

 _main (ROOT)
   _serialinit
   _system_inicializacion
     _ADCinit
     _PWMinit
     _tmr0init

 _myint (ROOT)
   _ONbuttonA_pressed
   _ONbuttonB_pressed
   _every5ms

 Address spaces:
Name               Size   Autos  Total    Cost      Usage
BIGRAM             7FF      0       0      39        0.0%
EEDATA             100      0       0       0        0.0%
BITBANK7           100      0       0      18        0.0%
BANK7              100      0       0      19        0.0%
BITBANK6           100      0       0      16        0.0%
BANK6              100      0       0      17        0.0%
BITBANK5           100      0       0      14        0.0%
BANK5              100      0       0      15        0.0%
BITBANK4           100      0       0      12        0.0%
BANK4              100      0       0      13        0.0%
BITBANK3           100      0       0      10        0.0%
BANK3              100      0       0      11        0.0%
BITBANK2           100      0       0       8        0.0%
BANK2              100      0       0       9        0.0%
BITBANK1           100      0       0       6        0.0%
BANK1              100      0       0       7        0.0%
BITBANK0            A0      0       0       4        0.0%
BANK0               A0      0       0       5        0.0%
BITCOMRAM           5E      0       0       0        0.0%
COMRAM              5E      0       F       1       16.0%
BITBIGSFRlh         1B      0       0      21        0.0%
BITBIGSFRlllhhl     12      0       0      35        0.0%
BITBIGSFRh           D      0       0      20        0.0%
BITBIGSFRllll        D      0       0      37        0.0%
BITBIGSFRlllhhh      C      0       0      30        0.0%
BITBIGSFRlllhhh      8      0       0      29        0.0%
BITBIGSFRlllhhh      7      0       0      31        0.0%
BITBIGSFRlllhhl      6      0       0      34        0.0%
BITBIGSFRlllhhh      5      0       0      25        0.0%
BITBIGSFRlllhhh      4      0       0      24        0.0%
BITBIGSFRlllhhl      4      0       0      32        0.0%
BITBIGSFRlllhhh      2      0       0      23        0.0%
BITBIGSFRlllhhl      2      0       0      33        0.0%
BITBIGSFRlllhhh      1      0       0      27        0.0%
BITBIGSFRlllhhh      1      0       0      26        0.0%
BITBIGSFRlllhhh      1      0       0      28        0.0%
BITBIGSFRlllhl       1      0       0      36        0.0%
BITBIGSFRllh         1      0       0      22        0.0%
BIGSFR               0      0       0     200        0.0%
BITSFR               0      0       0     200        0.0%
SFR                  0      0       0     200        0.0%
STACK                0      0       0       2        0.0%
NULL                 0      0       0       0        0.0%
ABS                  0      0       F      38        0.0%
DATA                 0      0       F       3        0.0%
CODE                 0      0       0       0        0.0%


Microchip Technology PIC18 Macro Assembler V2.36 build 20220127204148 
Symbol Table                                                                                   Sat May 21 18:01:02 2022

                          l220 0248                            l134 01F4                            l137 026A  
                          l262 02BC                            l263 02BC                            l179 0220  
                          l199 02AE                            l960 024A                            l970 02A8  
                          l962 0266                            l972 02AC                            l964 029A  
                          l980 0232                            l966 02A0                            l990 0244  
                          l982 0238                            l974 0222                            l968 02A4  
                          l992 0246                            l984 023A                            l976 022E  
                          l986 0240                            l978 0230                            l988 0242  
                          _PR2 000FCB                            wreg 000FE8                __end_of_ADCinit 02B0  
                         l1060 01CE                           l1070 01E0                           l1062 01D2  
                         l1054 01C2                           l1080 01F6                           l1072 01E4  
                         l1064 01D6                           l1056 01CA                           l1082 0218  
                         l1074 01E8                           l1066 01DA                           l1058 01CC  
                         l1076 01EC                           l1068 01DC                           l1078 01F0  
                         l1280 02B8                           l1282 02BA                           l1276 02B0  
                         l1278 02B4                           _LATA 000F89                           _LATB 000F8A  
                         _main 02B0                           _tens 000B          _system_inicializacion 01C2  
                         btemp 0010                           start 000E                __end_of_PWMinit 024A  
                 ___param_bank 000000                          ?_main 0000                          i2l131 0280  
                        i2l273 01C0                          i2l281 00E8                          i2l284 02C4  
                        i2l994 00EA                          i2l996 00F8                          i2l998 0108  
                        _RCREG 000FAE                          _TMR0L 000FD6                          _SPBRG 000FAF  
                        _TRISA 000F92                          _TRISB 000F93                          _TRISD 000F95  
                        _TXREG 000FAD                          _myint 0008                          _units 000C  
                        ttemp5 0011                          ttemp6 0014                          ttemp7 0018  
                        status 000FD8                          wtemp8 0011                __initialization 0284  
                 __end_of_main 02C4                      ??_ADCinit 0000                         ??_main 0000  
                __activetblptr 000000                         _ADCON0 000FC2                         _ADCON1 000FC1  
                       _ADCON2 000FC0                         _ADRESH 000FC4                         _ADRESL 000FC3  
                       _CCPR1L 000FBE                         _CCPR2L 000FBB                         ?_myint 0000  
                       i2l1000 0110                         i2l1010 0160                         i2l1002 011E  
                       i2l1020 01AE                         i2l1012 0176                         i2l1004 012E  
                       i2l1022 01BC                         i2l1014 017A                         i2l1006 0142  
                       i2l1030 0038                         i2l1016 0188                         i2l1008 0150  
                       i2l1040 0088                         i2l1032 0046                         i2l1024 0012  
                       i2l1018 019E                         i2l1050 00D6                         i2l1042 009E  
                       i2l1034 0056                         i2l1026 0020                         i2l1052 00E4  
                       i2l1044 00A2                         i2l1036 006A                         i2l1028 0030  
                       i2l1046 00B0                         i2l1038 0078                         i2l1048 00C6  
                    ??_PWMinit 0000                         i2l1090 026E                         i2l1092 0272  
                       i2l1094 0276                         i2l1096 027A                         i2l1098 027C  
       ?_system_inicializacion 0000                         _OSCCON 000FD3                         i2u1_40 00F8  
                       i2u1_41 00F4                         i2u2_40 0108                         i2u2_41 0104  
                       i2u3_40 011E                         i2u3_41 011A                         i2u4_40 012E  
                       i2u4_41 012A                         i2u5_40 0150                         i2u5_41 014C  
                       i2u6_40 0160                         i2u6_41 015C                         i2u7_40 0176  
                       i2u7_41 0172                         i2u8_40 0188                         i2u8_41 0184  
                       i2u9_40 019E                         i2u9_41 019A               __end_of_every5ms 02C6  
                       clear_0 028A                         isa$std 000001               __end_of_tmr0init 026C  
                   __accesstop 0060        __end_of__initialization 0290                  ___rparam_used 000001  
               __pcstackCOMRAM 0000                  __end_of_myint 0284                        ??_myint 0000  
                      _CCP1CON 000FBD                        _CCP2CON 000FBA                        _ADCinit 029A  
            _ONbuttonA_pressed 00EA                        i2u10_40 01BC                        i2u10_41 01B8  
                      i2u11_40 0020                        i2u11_41 001C                        i2u20_40 00E4  
                      i2u12_40 0030                        i2u20_41 00E0                        i2u12_41 002C  
                      i2u13_40 0046                        i2u13_41 0042                        i2u14_40 0056  
                      i2u14_41 0052                        i2u15_40 0078                        i2u15_41 0074  
                      i2u16_40 0088                        i2u16_41 0084                        i2u17_40 009E  
                      i2u17_41 009A                        i2u18_40 00B0                        i2u18_41 00AC  
                      i2u19_40 00C6                        i2u19_41 00C2              _ONbuttonB_pressed 0012  
           ?_ONbuttonA_pressed 0000             ?_ONbuttonB_pressed 0000                        _PWMinit 0222  
                 _digitcounter 000D                      ?_every5ms 0000            ??_ONbuttonA_pressed 0000  
          ??_ONbuttonB_pressed 0000                        __Hparam 0000                      ?_tmr0init 0000  
                      __Lparam 0000                        __pcinit 0284                        __ramtop 0800  
                      __ptext0 02B0                        __ptext1 01C2                        __ptext2 024A  
                      __ptext3 0222                        __ptext4 029A                        __ptext5 01F6  
                      __ptext7 02C4                        __ptext8 0012                        __ptext9 00EA  
                    _T0CONbits 000FD5      __end_of_ONbuttonA_pressed 01C2                      _T2CONbits 000FCA  
    __end_of_ONbuttonB_pressed 00EA        ??_system_inicializacion 0000                 __pintcode_body 026C  
         end_of_initialization 0290                     ??_every5ms 0000                        int_func 026C  
       _buttonApressedcounter2 0005                     ??_tmr0init 0000                     _serialinit 01F6  
                    _RCSTAbits 000FAB                        postinc0 000FEE                      _PORTCbits 000F82  
                    _TRISAbits 000F92                      _TRISBbits 000F93                      _TRISCbits 000F94  
                    _TRISDbits 000F95                      _TRISEbits 000F96                    _CCP1CONbits 000FBD  
                  _CCP2CONbits 000FBA                      _TXSTAbits 000FAC                    _BAUDCONbits 000FB8  
          start_initialization 0284                    ?_serialinit 0000                       ?_ADCinit 0000  
                  __pbssCOMRAM 0001                       ?_PWMinit 0000                      __pintcode 0008  
__end_of_system_inicializacion 01F6                       _LATEbits 000F8D          _buttonApressedcounter 0007  
                     _PIR1bits 000F9E                       _UCFGbits 000F6F                       _RCONbits 000FD0  
                     _UCONbits 000F6D                      _thousands 0009                     _ADCON0bits 000FC2  
                     __Hrparam 0000                       __Lrparam 0000                    _buttonAflag 000F  
                  _buttonBflag 000E                       _every5ms 02C4                       _hundreds 000A  
                     _tmr0init 024A                   ??_serialinit 0000                       isa$xinst 000000  
                     int$flags 0010                     _INTCONbits 000FF2             __end_of_serialinit 0222  
                     intlevel2 0000         _buttonBpressedcounter2 0001          _buttonBpressedcounter 0003  
